frameworks/cocos2d-x/plugin/protocols/proj.android-studio/build/outputs/logs/manifest-merger-debug-report.txt
-- Merging decision tree log ---
manifest
ADDED from protocols\proj.android-studio\AndroidManifest.xml:2:1-6:12
INJECTED from protocols\proj.android-studio\AndroidManifest.xml:2:1-6:12
INJECTED from protocols\proj.android-studio\AndroidManifest.xml:2:1-6:12
INJECTED from protocols\proj.android-studio\AndroidManifest.xml:2:1-6:12
INJECTED from protocols\proj.android-studio\AndroidManifest.xml:2:1-6:12
INJECTED from protocols\proj.android-studio\AndroidManifest.xml:2:1-6:12
INJECTED from protocols\proj.android-studio\AndroidManifest.xml:2:1-6:12
	package
		ADDED from protocols\proj.android-studio\AndroidManifest.xml:3:5-34
		INJECTED from protocols\proj.android-studio\AndroidManifest.xml
		INJECTED from protocols\proj.android-studio\AndroidManifest.xml
	android:versionName
		INJECTED from protocols\proj.android-studio\AndroidManifest.xml
		ADDED from protocols\proj.android-studio\AndroidManifest.xml:2:1-6:12
		INJECTED from protocols\proj.android-studio\AndroidManifest.xml
	android:versionCode
		INJECTED from protocols\proj.android-studio\AndroidManifest.xml
		ADDED from protocols\proj.android-studio\AndroidManifest.xml:2:1-6:12
		INJECTED from protocols\proj.android-studio\AndroidManifest.xml
	xmlns:android
		ADDED from protocols\proj.android-studio\AndroidManifest.xml:2:11-69
application
ADDED from protocols\proj.android-studio\AndroidManifest.xml:4:5-5:19
uses-sdk
INJECTED from protocols\proj.android-studio\AndroidManifest.xml reason: use-sdk injection requested
INJECTED from protocols\proj.android-studio\AndroidManifest.xml
INJECTED from protocols\proj.android-studio\AndroidManifest.xml
INJECTED from protocols\proj.android-studio\AndroidManifest.xml
INJECTED from protocols\proj.android-studio\AndroidManifest.xml
	android:targetSdkVersion
		INJECTED from protocols\proj.android-studio\AndroidManifest.xml
		ADDED from protocols\proj.android-studio\AndroidManifest.xml
		INJECTED from protocols\proj.android-studio\AndroidManifest.xml
	android:minSdkVersion
		INJECTED from protocols\proj.android-studio\AndroidManifest.xml
		ADDED from protocols\proj.android-studio\AndroidManifest.xml
		INJECTED from protocols\proj.android-studio\AndroidManifest.xml